<?xml version="1.0" encoding="UTF-8"?>
<coverage generated="1783938594103" clover="3.2.0">
  <project timestamp="1783938594103" name="All files">
    <metrics statements="149" coveredstatements="146" conditionals="43" coveredconditionals="36" methods="39" coveredmethods="37" elements="231" coveredelements="219" complexity="0" loc="149" ncloc="149" packages="12" files="24" classes="24"/>
    <package name="src">
      <metrics statements="13" coveredstatements="12" conditionals="2" coveredconditionals="1" methods="3" coveredmethods="2"/>
      <file name="app.ts" path="/Users/natalie.robinson/projects/team2-project/team2-backend/src/app.ts">
        <metrics statements="13" coveredstatements="12" conditionals="2" coveredconditionals="1" methods="3" coveredmethods="2"/>
        <line num="11" count="3" type="stmt"/>
        <line num="13" count="3" type="cond" truecount="1" falsecount="1"/>
        <line num="14" count="3" type="stmt"/>
        <line num="15" count="3" type="stmt"/>
        <line num="17" count="3" type="stmt"/>
        <line num="18" count="1" type="stmt"/>
        <line num="28" count="3" type="stmt"/>
        <line num="29" count="3" type="stmt"/>
        <line num="32" count="3" type="stmt"/>
        <line num="33" count="3" type="stmt"/>
        <line num="34" count="3" type="stmt"/>
        <line num="36" count="3" type="stmt"/>
        <line num="37" count="0" type="stmt"/>
      </file>
    </package>
    <package name="src.controllers">
      <metrics statements="36" coveredstatements="36" conditionals="12" coveredconditionals="11" methods="7" coveredmethods="7"/>
      <file name="jobRoleController.ts" path="/Users/natalie.robinson/projects/team2-project/team2-backend/src/controllers/jobRoleController.ts">
        <metrics statements="15" coveredstatements="15" conditionals="4" coveredconditionals="4" methods="3" coveredmethods="3"/>
        <line num="5" count="11" type="stmt"/>
        <line num="8" count="6" type="stmt"/>
        <line num="9" count="6" type="stmt"/>
        <line num="10" count="4" type="stmt"/>
        <line num="12" count="2" type="stmt"/>
        <line num="17" count="8" type="stmt"/>
        <line num="18" count="8" type="cond" truecount="2" falsecount="0"/>
        <line num="19" count="1" type="stmt"/>
        <line num="20" count="1" type="stmt"/>
        <line num="23" count="7" type="stmt"/>
        <line num="24" count="7" type="stmt"/>
        <line num="25" count="5" type="cond" truecount="2" falsecount="0"/>
        <line num="26" count="2" type="stmt"/>
        <line num="28" count="3" type="stmt"/>
        <line num="31" count="2" type="stmt"/>
      </file>
      <file name="loginController.ts" path="/Users/natalie.robinson/projects/team2-project/team2-backend/src/controllers/loginController.ts">
        <metrics statements="10" coveredstatements="10" conditionals="4" coveredconditionals="4" methods="2" coveredmethods="2"/>
        <line num="10" count="7" type="stmt"/>
        <line num="12" count="4" type="stmt"/>
        <line num="13" count="4" type="stmt"/>
        <line num="14" count="4" type="stmt"/>
        <line num="17" count="1" type="stmt"/>
        <line num="19" count="3" type="cond" truecount="2" falsecount="0"/>
        <line num="23" count="2" type="stmt"/>
        <line num="24" count="2" type="stmt"/>
        <line num="27" count="1" type="stmt"/>
        <line num="28" count="1" type="stmt"/>
      </file>
      <file name="registerUserController.ts" path="/Users/natalie.robinson/projects/team2-project/team2-backend/src/controllers/registerUserController.ts">
        <metrics statements="11" coveredstatements="11" conditionals="4" coveredconditionals="3" methods="2" coveredmethods="2"/>
        <line num="6" count="5" type="stmt"/>
        <line num="8" count="3" type="stmt"/>
        <line num="9" count="3" type="stmt"/>
        <line num="10" count="3" type="stmt"/>
        <line num="11" count="1" type="stmt"/>
        <line num="13" count="2" type="cond" truecount="2" falsecount="0"/>
        <line num="14" count="1" type="stmt"/>
        <line num="15" count="1" type="stmt"/>
        <line num="19" count="1" type="cond" truecount="1" falsecount="1"/>
        <line num="20" count="2" type="stmt"/>
        <line num="21" count="2" type="stmt"/>
      </file>
    </package>
    <package name="src.daos">
      <metrics statements="4" coveredstatements="4" conditionals="0" coveredconditionals="0" methods="4" coveredmethods="4"/>
      <file name="jobRoleDao.ts" path="/Users/natalie.robinson/projects/team2-project/team2-backend/src/daos/jobRoleDao.ts">
        <metrics statements="2" coveredstatements="2" conditionals="0" coveredconditionals="0" methods="2" coveredmethods="2"/>
        <line num="6" count="3" type="stmt"/>
        <line num="21" count="4" type="stmt"/>
      </file>
      <file name="userDao.ts" path="/Users/natalie.robinson/projects/team2-project/team2-backend/src/daos/userDao.ts">
        <metrics statements="2" coveredstatements="2" conditionals="0" coveredconditionals="0" methods="2" coveredmethods="2"/>
        <line num="7" count="2" type="stmt"/>
        <line num="13" count="3" type="stmt"/>
      </file>
    </package>
    <package name="src.errors">
      <metrics statements="6" coveredstatements="6" conditionals="0" coveredconditionals="0" methods="3" coveredmethods="3"/>
      <file name="userErrors.ts" path="/Users/natalie.robinson/projects/team2-project/team2-backend/src/errors/userErrors.ts">
        <metrics statements="6" coveredstatements="6" conditionals="0" coveredconditionals="0" methods="3" coveredmethods="3"/>
        <line num="3" count="2" type="stmt"/>
        <line num="4" count="2" type="stmt"/>
        <line num="10" count="2" type="stmt"/>
        <line num="11" count="2" type="stmt"/>
        <line num="17" count="2" type="stmt"/>
        <line num="18" count="2" type="stmt"/>
      </file>
    </package>
    <package name="src.lib">
      <metrics statements="7" coveredstatements="6" conditionals="6" coveredconditionals="4" methods="0" coveredmethods="0"/>
      <file name="prisma.ts" path="/Users/natalie.robinson/projects/team2-project/team2-backend/src/lib/prisma.ts">
        <metrics statements="7" coveredstatements="6" conditionals="6" coveredconditionals="4" methods="0" coveredmethods="0"/>
        <line num="5" count="4" type="stmt"/>
        <line num="7" count="4" type="cond" truecount="1" falsecount="1"/>
        <line num="8" count="0" type="stmt"/>
        <line num="11" count="4" type="stmt"/>
        <line num="14" count="4" type="cond" truecount="2" falsecount="0"/>
        <line num="17" count="4" type="cond" truecount="1" falsecount="1"/>
        <line num="18" count="4" type="stmt"/>
      </file>
    </package>
    <package name="src.mappers">
      <metrics statements="1" coveredstatements="1" conditionals="0" coveredconditionals="0" methods="1" coveredmethods="1"/>
      <file name="jobRoleMapper.ts" path="/Users/natalie.robinson/projects/team2-project/team2-backend/src/mappers/jobRoleMapper.ts">
        <metrics statements="1" coveredstatements="1" conditionals="0" coveredconditionals="0" methods="1" coveredmethods="1"/>
        <line num="6" count="4" type="stmt"/>
      </file>
    </package>
    <package name="src.middleware">
      <metrics statements="17" coveredstatements="17" conditionals="12" coveredconditionals="9" methods="4" coveredmethods="4"/>
      <file name="validateBody.ts" path="/Users/natalie.robinson/projects/team2-project/team2-backend/src/middleware/validateBody.ts">
        <metrics statements="9" coveredstatements="9" conditionals="6" coveredconditionals="4" methods="2" coveredmethods="2"/>
        <line num="4" count="4" type="stmt"/>
        <line num="5" count="8" type="stmt"/>
        <line num="7" count="6" type="cond" truecount="1" falsecount="1"/>
        <line num="9" count="6" type="cond" truecount="2" falsecount="0"/>
        <line num="11" count="3" type="cond" truecount="1" falsecount="1"/>
        <line num="12" count="3" type="stmt"/>
        <line num="13" count="3" type="stmt"/>
        <line num="16" count="3" type="stmt"/>
        <line num="17" count="3" type="stmt"/>
      </file>
      <file name="validateParams.ts" path="/Users/natalie.robinson/projects/team2-project/team2-backend/src/middleware/validateParams.ts">
        <metrics statements="8" coveredstatements="8" conditionals="6" coveredconditionals="5" methods="2" coveredmethods="2"/>
        <line num="4" count="5" type="stmt"/>
        <line num="5" count="9" type="stmt"/>
        <line num="7" count="9" type="cond" truecount="2" falsecount="0"/>
        <line num="9" count="9" type="cond" truecount="2" falsecount="0"/>
        <line num="11" count="3" type="cond" truecount="1" falsecount="1"/>
        <line num="12" count="3" type="stmt"/>
        <line num="13" count="3" type="stmt"/>
        <line num="16" count="6" type="stmt"/>
      </file>
    </package>
    <package name="src.models">
      <metrics statements="2" coveredstatements="2" conditionals="0" coveredconditionals="0" methods="1" coveredmethods="1"/>
      <file name="user.ts" path="/Users/natalie.robinson/projects/team2-project/team2-backend/src/models/user.ts">
        <metrics statements="2" coveredstatements="2" conditionals="0" coveredconditionals="0" methods="1" coveredmethods="1"/>
        <line num="1" count="4" type="stmt"/>
        <line num="2" count="4" type="stmt"/>
      </file>
    </package>
    <package name="src.routes">
      <metrics statements="21" coveredstatements="20" conditionals="0" coveredconditionals="0" methods="3" coveredmethods="2"/>
      <file name="jobRoleRouter.ts" path="/Users/natalie.robinson/projects/team2-project/team2-backend/src/routes/jobRoleRouter.ts">
        <metrics statements="7" coveredstatements="7" conditionals="0" coveredconditionals="0" methods="2" coveredmethods="2"/>
        <line num="8" count="4" type="stmt"/>
        <line num="9" count="4" type="stmt"/>
        <line num="13" count="4" type="stmt"/>
        <line num="15" count="4" type="stmt"/>
        <line num="16" count="3" type="stmt"/>
        <line num="22" count="4" type="stmt"/>
        <line num="25" count="4" type="stmt"/>
      </file>
      <file name="loginRouter.ts" path="/Users/natalie.robinson/projects/team2-project/team2-backend/src/routes/loginRouter.ts">
        <metrics statements="8" coveredstatements="7" conditionals="0" coveredconditionals="0" methods="1" coveredmethods="0"/>
        <line num="10" count="3" type="stmt"/>
        <line num="11" count="3" type="stmt"/>
        <line num="12" count="3" type="stmt"/>
        <line num="13" count="3" type="stmt"/>
        <line num="14" count="3" type="stmt"/>
        <line num="15" count="3" type="stmt"/>
        <line num="17" count="3" type="stmt"/>
        <line num="18" count="0" type="stmt"/>
      </file>
      <file name="register.ts" path="/Users/natalie.robinson/projects/team2-project/team2-backend/src/routes/register.ts">
        <metrics statements="6" coveredstatements="6" conditionals="0" coveredconditionals="0" methods="0" coveredmethods="0"/>
        <line num="9" count="3" type="stmt"/>
        <line num="11" count="3" type="stmt"/>
        <line num="12" count="3" type="stmt"/>
        <line num="13" count="3" type="stmt"/>
        <line num="14" count="3" type="stmt"/>
        <line num="16" count="3" type="stmt"/>
      </file>
    </package>
    <package name="src.services">
      <metrics statements="37" coveredstatements="37" conditionals="10" coveredconditionals="10" methods="12" coveredmethods="12"/>
      <file name="argon2PasswordHashingService.ts" path="/Users/natalie.robinson/projects/team2-project/team2-backend/src/services/argon2PasswordHashingService.ts">
        <metrics statements="3" coveredstatements="3" conditionals="0" coveredconditionals="0" methods="2" coveredmethods="2"/>
        <line num="6" count="2" type="stmt"/>
        <line num="7" count="1" type="stmt"/>
        <line num="11" count="3" type="stmt"/>
      </file>
      <file name="jobRoleService.ts" path="/Users/natalie.robinson/projects/team2-project/team2-backend/src/services/jobRoleService.ts">
        <metrics statements="8" coveredstatements="8" conditionals="2" coveredconditionals="2" methods="4" coveredmethods="4"/>
        <line num="7" count="8" type="stmt"/>
        <line num="8" count="8" type="stmt"/>
        <line num="12" count="2" type="stmt"/>
        <line num="14" count="2" type="stmt"/>
        <line num="18" count="3" type="stmt"/>
        <line num="20" count="2" type="cond" truecount="2" falsecount="0"/>
        <line num="21" count="1" type="stmt"/>
        <line num="24" count="1" type="stmt"/>
      </file>
      <file name="joseTokenService.ts" path="/Users/natalie.robinson/projects/team2-project/team2-backend/src/services/joseTokenService.ts">
        <metrics statements="7" coveredstatements="7" conditionals="2" coveredconditionals="2" methods="2" coveredmethods="2"/>
        <line num="9" count="8" type="stmt"/>
        <line num="10" count="8" type="cond" truecount="2" falsecount="0"/>
        <line num="11" count="1" type="stmt"/>
        <line num="16" count="7" type="stmt"/>
        <line num="20" count="4" type="stmt"/>
        <line num="27" count="4" type="stmt"/>
        <line num="32" count="4" type="stmt"/>
      </file>
      <file name="loginService.ts" path="/Users/natalie.robinson/projects/team2-project/team2-backend/src/services/loginService.ts">
        <metrics statements="12" coveredstatements="12" conditionals="4" coveredconditionals="4" methods="2" coveredmethods="2"/>
        <line num="13" count="7" type="stmt"/>
        <line num="14" count="7" type="stmt"/>
        <line num="15" count="7" type="stmt"/>
        <line num="19" count="4" type="stmt"/>
        <line num="20" count="4" type="stmt"/>
        <line num="21" count="4" type="cond" truecount="2" falsecount="0"/>
        <line num="22" count="1" type="stmt"/>
        <line num="25" count="3" type="stmt"/>
        <line num="29" count="3" type="cond" truecount="2" falsecount="0"/>
        <line num="30" count="1" type="stmt"/>
        <line num="33" count="2" type="stmt"/>
        <line num="34" count="2" type="stmt"/>
      </file>
      <file name="registerUserService.ts" path="/Users/natalie.robinson/projects/team2-project/team2-backend/src/services/registerUserService.ts">
        <metrics statements="7" coveredstatements="7" conditionals="2" coveredconditionals="2" methods="2" coveredmethods="2"/>
        <line num="9" count="5" type="stmt"/>
        <line num="10" count="5" type="stmt"/>
        <line num="14" count="2" type="stmt"/>
        <line num="15" count="2" type="cond" truecount="2" falsecount="0"/>
        <line num="16" count="1" type="stmt"/>
        <line num="19" count="1" type="stmt"/>
        <line num="21" count="1" type="stmt"/>
      </file>
    </package>
    <package name="src.validators">
      <metrics statements="4" coveredstatements="4" conditionals="0" coveredconditionals="0" methods="0" coveredmethods="0"/>
      <file name="idParamSchema.ts" path="/Users/natalie.robinson/projects/team2-project/team2-backend/src/validators/idParamSchema.ts">
        <metrics statements="1" coveredstatements="1" conditionals="0" coveredconditionals="0" methods="0" coveredmethods="0"/>
        <line num="3" count="4" type="stmt"/>
      </file>
      <file name="loginUserValidator.ts" path="/Users/natalie.robinson/projects/team2-project/team2-backend/src/validators/loginUserValidator.ts">
        <metrics statements="1" coveredstatements="1" conditionals="0" coveredconditionals="0" methods="0" coveredmethods="0"/>
        <line num="3" count="3" type="stmt"/>
      </file>
      <file name="registerUserValidator.ts" path="/Users/natalie.robinson/projects/team2-project/team2-backend/src/validators/registerUserValidator.ts">
        <metrics statements="2" coveredstatements="2" conditionals="0" coveredconditionals="0" methods="0" coveredmethods="0"/>
        <line num="3" count="3" type="stmt"/>
        <line num="5" count="3" type="stmt"/>
      </file>
    </package>
    <package name="tests.fixtures">
      <metrics statements="1" coveredstatements="1" conditionals="1" coveredconditionals="1" methods="1" coveredmethods="1"/>
      <file name="jobRoleFixtures.ts" path="/Users/natalie.robinson/projects/team2-project/team2-backend/tests/fixtures/jobRoleFixtures.ts">
        <metrics statements="1" coveredstatements="1" conditionals="1" coveredconditionals="1" methods="1" coveredmethods="1"/>
        <line num="3" count="10" type="cond" truecount="1" falsecount="0"/>
      </file>
    </package>
  </project>
</coverage>
