{"/Users/natalie.robinson/projects/team2-project/team2-backend/src/app.ts": {"path":"/Users/natalie.robinson/projects/team2-project/team2-backend/src/app.ts","statementMap":{"0":{"start":{"line":11,"column":13},"end":{"line":11,"column":null}},"1":{"start":{"line":13,"column":19},"end":{"line":13,"column":null}},"2":{"start":{"line":14,"column":0},"end":{"line":14,"column":null}},"3":{"start":{"line":15,"column":0},"end":{"line":15,"column":null}},"4":{"start":{"line":17,"column":0},"end":{"line":26,"column":null}},"5":{"start":{"line":18,"column":1},"end":{"line":25,"column":null}},"6":{"start":{"line":28,"column":0},"end":{"line":30,"column":null}},"7":{"start":{"line":29,"column":1},"end":{"line":29,"column":null}},"8":{"start":{"line":32,"column":0},"end":{"line":32,"column":null}},"9":{"start":{"line":33,"column":0},"end":{"line":33,"column":null}},"10":{"start":{"line":34,"column":0},"end":{"line":34,"column":null}},"11":{"start":{"line":36,"column":0},"end":{"line":38,"column":null}},"12":{"start":{"line":37,"column":1},"end":{"line":37,"column":null}}},"fnMap":{"0":{"name":"(anonymous_0)","decl":{"start":{"line":17,"column":8},"end":{"line":17,"column":14}},"loc":{"start":{"line":17,"column":28},"end":{"line":26,"column":1}},"line":17},"1":{"name":"(anonymous_1)","decl":{"start":{"line":28,"column":8},"end":{"line":28,"column":20}},"loc":{"start":{"line":28,"column":34},"end":{"line":30,"column":1}},"line":28},"2":{"name":"(anonymous_2)","decl":{"start":{"line":36,"column":4},"end":{"line":36,"column":9}},"loc":{"start":{"line":36,"column":76},"end":{"line":38,"column":1}},"line":36}},"branchMap":{"0":{"loc":{"start":{"line":13,"column":19},"end":{"line":13,"column":null}},"type":"binary-expr","locations":[{"start":{"line":13,"column":19},"end":{"line":13,"column":46}},{"start":{"line":13,"column":46},"end":{"line":13,"column":null}}],"line":13}},"s":{"0":3,"1":3,"2":3,"3":3,"4":3,"5":1,"6":3,"7":3,"8":3,"9":3,"10":3,"11":3,"12":0},"f":{"0":1,"1":3,"2":0},"b":{"0":[3,0]},"meta":{"lastBranch":1,"lastFunction":3,"lastStatement":13,"seen":{"s:11:13:11:Infinity":0,"s:13:19:13:Infinity":1,"b:13:19:13:46:13:46:13:Infinity":0,"s:14:0:14:Infinity":2,"s:15:0:15:Infinity":3,"s:17:0:26:Infinity":4,"f:17:8:17:14":0,"s:18:1:25:Infinity":5,"s:28:0:30:Infinity":6,"f:28:8:28:20":1,"s:29:1:29:Infinity":7,"s:32:0:32:Infinity":8,"s:33:0:33:Infinity":9,"s:34:0:34:Infinity":10,"s:36:0:38:Infinity":11,"f:36:4:36:9":2,"s:37:1:37:Infinity":12},"fnNames":{}}}
,"/Users/natalie.robinson/projects/team2-project/team2-backend/src/controllers/jobRoleController.ts": {"path":"/Users/natalie.robinson/projects/team2-project/team2-backend/src/controllers/jobRoleController.ts","statementMap":{"0":{"start":{"line":5,"column":30},"end":{"line":5,"column":62}},"1":{"start":{"line":8,"column":2},"end":{"line":13,"column":null}},"2":{"start":{"line":9,"column":20},"end":{"line":9,"column":null}},"3":{"start":{"line":10,"column":3},"end":{"line":10,"column":null}},"4":{"start":{"line":12,"column":3},"end":{"line":12,"column":null}},"5":{"start":{"line":17,"column":20},"end":{"line":17,"column":null}},"6":{"start":{"line":18,"column":2},"end":{"line":21,"column":null}},"7":{"start":{"line":19,"column":3},"end":{"line":19,"column":null}},"8":{"start":{"line":20,"column":3},"end":{"line":20,"column":null}},"9":{"start":{"line":23,"column":2},"end":{"line":32,"column":null}},"10":{"start":{"line":24,"column":19},"end":{"line":24,"column":null}},"11":{"start":{"line":25,"column":3},"end":{"line":29,"column":null}},"12":{"start":{"line":26,"column":4},"end":{"line":26,"column":null}},"13":{"start":{"line":28,"column":4},"end":{"line":28,"column":null}},"14":{"start":{"line":31,"column":3},"end":{"line":31,"column":null}}},"fnMap":{"0":{"name":"constructor","decl":{"start":{"line":5,"column":1},"end":{"line":5,"column":13}},"loc":{"start":{"line":5,"column":62},"end":{"line":5,"column":null}},"line":5},"1":{"name":"getAll","decl":{"start":{"line":7,"column":7},"end":{"line":7,"column":14}},"loc":{"start":{"line":7,"column":59},"end":{"line":14,"column":null}},"line":7},"2":{"name":"getById","decl":{"start":{"line":16,"column":7},"end":{"line":16,"column":15}},"loc":{"start":{"line":16,"column":59},"end":{"line":33,"column":null}},"line":16}},"branchMap":{"0":{"loc":{"start":{"line":18,"column":2},"end":{"line":21,"column":null}},"type":"if","locations":[{"start":{"line":18,"column":2},"end":{"line":21,"column":null}},{"start":{},"end":{}}],"line":18},"1":{"loc":{"start":{"line":25,"column":3},"end":{"line":29,"column":null}},"type":"if","locations":[{"start":{"line":25,"column":3},"end":{"line":29,"column":null}},{"start":{"line":27,"column":10},"end":{"line":29,"column":null}}],"line":25}},"s":{"0":11,"1":6,"2":6,"3":4,"4":2,"5":8,"6":8,"7":1,"8":1,"9":7,"10":7,"11":5,"12":2,"13":3,"14":2},"f":{"0":11,"1":6,"2":8},"b":{"0":[1,7],"1":[2,3]},"meta":{"lastBranch":2,"lastFunction":3,"lastStatement":15,"seen":{"f:5:1:5:13":0,"s:5:30:5:62":0,"f:7:7:7:14":1,"s:8:2:13:Infinity":1,"s:9:20:9:Infinity":2,"s:10:3:10:Infinity":3,"s:12:3:12:Infinity":4,"f:16:7:16:15":2,"s:17:20:17:Infinity":5,"b:18:2:21:Infinity:undefined:undefined:undefined:undefined":0,"s:18:2:21:Infinity":6,"s:19:3:19:Infinity":7,"s:20:3:20:Infinity":8,"s:23:2:32:Infinity":9,"s:24:19:24:Infinity":10,"b:25:3:29:Infinity:27:10:29:Infinity":1,"s:25:3:29:Infinity":11,"s:26:4:26:Infinity":12,"s:28:4:28:Infinity":13,"s:31:3:31:Infinity":14},"fnNames":{}}}
,"/Users/natalie.robinson/projects/team2-project/team2-backend/src/controllers/loginController.ts": {"path":"/Users/natalie.robinson/projects/team2-project/team2-backend/src/controllers/loginController.ts","statementMap":{"0":{"start":{"line":12,"column":9},"end":{"line":30,"column":null}},"1":{"start":{"line":10,"column":30},"end":{"line":10,"column":58}},"2":{"start":{"line":13,"column":2},"end":{"line":29,"column":null}},"3":{"start":{"line":14,"column":20},"end":{"line":16,"column":null}},"4":{"start":{"line":17,"column":3},"end":{"line":17,"column":null}},"5":{"start":{"line":19,"column":3},"end":{"line":25,"column":null}},"6":{"start":{"line":23,"column":4},"end":{"line":23,"column":null}},"7":{"start":{"line":24,"column":4},"end":{"line":24,"column":null}},"8":{"start":{"line":27,"column":3},"end":{"line":27,"column":null}},"9":{"start":{"line":28,"column":3},"end":{"line":28,"column":null}}},"fnMap":{"0":{"name":"constructor","decl":{"start":{"line":10,"column":1},"end":{"line":10,"column":13}},"loc":{"start":{"line":10,"column":58},"end":{"line":10,"column":null}},"line":10},"1":{"name":"(anonymous_1)","decl":{"start":{"line":12,"column":9},"end":{"line":12,"column":16}},"loc":{"start":{"line":12,"column":63},"end":{"line":30,"column":null}},"line":12}},"branchMap":{"0":{"loc":{"start":{"line":19,"column":3},"end":{"line":25,"column":null}},"type":"if","locations":[{"start":{"line":19,"column":3},"end":{"line":25,"column":null}},{"start":{},"end":{}}],"line":19},"1":{"loc":{"start":{"line":20,"column":4},"end":{"line":21,"column":null}},"type":"binary-expr","locations":[{"start":{"line":20,"column":4},"end":{"line":20,"column":null}},{"start":{"line":21,"column":4},"end":{"line":21,"column":null}}],"line":20}},"s":{"0":4,"1":7,"2":4,"3":4,"4":1,"5":3,"6":2,"7":2,"8":1,"9":1},"f":{"0":7,"1":4},"b":{"0":[2,1],"1":[3,2]},"meta":{"lastBranch":2,"lastFunction":2,"lastStatement":10,"seen":{"s:12:9:30:Infinity":0,"f:10:1:10:13":0,"s:10:30:10:58":1,"f:12:9:12:16":1,"s:13:2:29:Infinity":2,"s:14:20:16:Infinity":3,"s:17:3:17:Infinity":4,"b:19:3:25:Infinity:undefined:undefined:undefined:undefined":0,"s:19:3:25:Infinity":5,"b:20:4:20:Infinity:21:4:21:Infinity":1,"s:23:4:23:Infinity":6,"s:24:4:24:Infinity":7,"s:27:3:27:Infinity":8,"s:28:3:28:Infinity":9},"fnNames":{}}}
,"/Users/natalie.robinson/projects/team2-project/team2-backend/src/controllers/registerUserController.ts": {"path":"/Users/natalie.robinson/projects/team2-project/team2-backend/src/controllers/registerUserController.ts","statementMap":{"0":{"start":{"line":8,"column":12},"end":{"line":23,"column":null}},"1":{"start":{"line":6,"column":30},"end":{"line":6,"column":72}},"2":{"start":{"line":9,"column":2},"end":{"line":22,"column":null}},"3":{"start":{"line":10,"column":3},"end":{"line":10,"column":null}},"4":{"start":{"line":11,"column":3},"end":{"line":11,"column":null}},"5":{"start":{"line":13,"column":3},"end":{"line":16,"column":null}},"6":{"start":{"line":14,"column":4},"end":{"line":14,"column":null}},"7":{"start":{"line":15,"column":4},"end":{"line":15,"column":null}},"8":{"start":{"line":19,"column":4},"end":{"line":19,"column":null}},"9":{"start":{"line":20,"column":3},"end":{"line":20,"column":null}},"10":{"start":{"line":21,"column":3},"end":{"line":21,"column":null}}},"fnMap":{"0":{"name":"constructor","decl":{"start":{"line":6,"column":1},"end":{"line":6,"column":13}},"loc":{"start":{"line":6,"column":72},"end":{"line":6,"column":null}},"line":6},"1":{"name":"(anonymous_1)","decl":{"start":{"line":8,"column":12},"end":{"line":8,"column":19}},"loc":{"start":{"line":8,"column":66},"end":{"line":23,"column":null}},"line":8}},"branchMap":{"0":{"loc":{"start":{"line":13,"column":3},"end":{"line":16,"column":null}},"type":"if","locations":[{"start":{"line":13,"column":3},"end":{"line":16,"column":null}},{"start":{},"end":{}}],"line":13},"1":{"loc":{"start":{"line":19,"column":4},"end":{"line":19,"column":null}},"type":"cond-expr","locations":[{"start":{"line":19,"column":29},"end":{"line":19,"column":45}},{"start":{"line":19,"column":45},"end":{"line":19,"column":null}}],"line":19}},"s":{"0":3,"1":5,"2":3,"3":3,"4":1,"5":2,"6":1,"7":1,"8":1,"9":2,"10":2},"f":{"0":5,"1":3},"b":{"0":[1,1],"1":[1,0]},"meta":{"lastBranch":2,"lastFunction":2,"lastStatement":11,"seen":{"s:8:12:23:Infinity":0,"f:6:1:6:13":0,"s:6:30:6:72":1,"f:8:12:8:19":1,"s:9:2:22:Infinity":2,"s:10:3:10:Infinity":3,"s:11:3:11:Infinity":4,"b:13:3:16:Infinity:undefined:undefined:undefined:undefined":0,"s:13:3:16:Infinity":5,"s:14:4:14:Infinity":6,"s:15:4:15:Infinity":7,"s:19:4:19:Infinity":8,"b:19:29:19:45:19:45:19:Infinity":1,"s:20:3:20:Infinity":9,"s:21:3:21:Infinity":10},"fnNames":{}}}
,"/Users/natalie.robinson/projects/team2-project/team2-backend/src/daos/jobRoleDao.ts": {"path":"/Users/natalie.robinson/projects/team2-project/team2-backend/src/daos/jobRoleDao.ts","statementMap":{"0":{"start":{"line":6,"column":2},"end":{"line":17,"column":null}},"1":{"start":{"line":21,"column":2},"end":{"line":29,"column":null}}},"fnMap":{"0":{"name":"findOpenJobRoles","decl":{"start":{"line":5,"column":7},"end":{"line":5,"column":46}},"loc":{"start":{"line":5,"column":46},"end":{"line":18,"column":null}},"line":5},"1":{"name":"findJobRoleById","decl":{"start":{"line":20,"column":7},"end":{"line":20,"column":23}},"loc":{"start":{"line":20,"column":67},"end":{"line":30,"column":null}},"line":20}},"branchMap":{},"s":{"0":3,"1":4},"f":{"0":3,"1":4},"b":{},"meta":{"lastBranch":0,"lastFunction":2,"lastStatement":2,"seen":{"f:5:7:5:46":0,"s:6:2:17:Infinity":0,"f:20:7:20:23":1,"s:21:2:29:Infinity":1},"fnNames":{}}}
,"/Users/natalie.robinson/projects/team2-project/team2-backend/src/daos/userDao.ts": {"path":"/Users/natalie.robinson/projects/team2-project/team2-backend/src/daos/userDao.ts","statementMap":{"0":{"start":{"line":7,"column":2},"end":{"line":9,"column":null}},"1":{"start":{"line":13,"column":2},"end":{"line":15,"column":null}}},"fnMap":{"0":{"name":"createUser","decl":{"start":{"line":6,"column":7},"end":{"line":6,"column":18}},"loc":{"start":{"line":6,"column":52},"end":{"line":10,"column":null}},"line":6},"1":{"name":"findUserByEmail","decl":{"start":{"line":12,"column":7},"end":{"line":12,"column":23}},"loc":{"start":{"line":12,"column":66},"end":{"line":16,"column":null}},"line":12}},"branchMap":{},"s":{"0":2,"1":3},"f":{"0":2,"1":3},"b":{},"meta":{"lastBranch":0,"lastFunction":2,"lastStatement":2,"seen":{"f:6:7:6:18":0,"s:7:2:9:Infinity":0,"f:12:7:12:23":1,"s:13:2:15:Infinity":1},"fnNames":{}}}
,"/Users/natalie.robinson/projects/team2-project/team2-backend/src/errors/userErrors.ts": {"path":"/Users/natalie.robinson/projects/team2-project/team2-backend/src/errors/userErrors.ts","statementMap":{"0":{"start":{"line":3,"column":2},"end":{"line":3,"column":null}},"1":{"start":{"line":4,"column":2},"end":{"line":4,"column":null}},"2":{"start":{"line":10,"column":2},"end":{"line":10,"column":null}},"3":{"start":{"line":11,"column":2},"end":{"line":11,"column":null}},"4":{"start":{"line":17,"column":2},"end":{"line":17,"column":null}},"5":{"start":{"line":18,"column":2},"end":{"line":18,"column":null}}},"fnMap":{"0":{"name":"constructor","decl":{"start":{"line":2,"column":1},"end":{"line":2,"column":15}},"loc":{"start":{"line":2,"column":15},"end":{"line":5,"column":null}},"line":2},"1":{"name":"constructor_2","decl":{"start":{"line":9,"column":1},"end":{"line":9,"column":15}},"loc":{"start":{"line":9,"column":15},"end":{"line":12,"column":null}},"line":9},"2":{"name":"constructor_3","decl":{"start":{"line":16,"column":1},"end":{"line":16,"column":15}},"loc":{"start":{"line":16,"column":15},"end":{"line":19,"column":null}},"line":16}},"branchMap":{},"s":{"0":2,"1":2,"2":2,"3":2,"4":2,"5":2},"f":{"0":2,"1":2,"2":2},"b":{},"meta":{"lastBranch":0,"lastFunction":3,"lastStatement":6,"seen":{"f:2:1:2:15":0,"s:3:2:3:Infinity":0,"s:4:2:4:Infinity":1,"f:9:1:9:15":1,"s:10:2:10:Infinity":2,"s:11:2:11:Infinity":3,"f:16:1:16:15":2,"s:17:2:17:Infinity":4,"s:18:2:18:Infinity":5},"fnNames":{}}}
,"/Users/natalie.robinson/projects/team2-project/team2-backend/src/lib/prisma.ts": {"path":"/Users/natalie.robinson/projects/team2-project/team2-backend/src/lib/prisma.ts","statementMap":{"0":{"start":{"line":5,"column":25},"end":{"line":5,"column":null}},"1":{"start":{"line":7,"column":0},"end":{"line":9,"column":null}},"2":{"start":{"line":8,"column":1},"end":{"line":8,"column":null}},"3":{"start":{"line":11,"column":24},"end":{"line":11,"column":null}},"4":{"start":{"line":14,"column":1},"end":{"line":15,"column":null}},"5":{"start":{"line":17,"column":0},"end":{"line":19,"column":null}},"6":{"start":{"line":18,"column":1},"end":{"line":18,"column":null}}},"fnMap":{},"branchMap":{"0":{"loc":{"start":{"line":7,"column":0},"end":{"line":9,"column":null}},"type":"if","locations":[{"start":{"line":7,"column":0},"end":{"line":9,"column":null}},{"start":{},"end":{}}],"line":7},"1":{"loc":{"start":{"line":14,"column":1},"end":{"line":15,"column":null}},"type":"binary-expr","locations":[{"start":{"line":14,"column":1},"end":{"line":14,"column":null}},{"start":{"line":15,"column":1},"end":{"line":15,"column":null}}],"line":14},"2":{"loc":{"start":{"line":17,"column":0},"end":{"line":19,"column":null}},"type":"if","locations":[{"start":{"line":17,"column":0},"end":{"line":19,"column":null}},{"start":{},"end":{}}],"line":17}},"s":{"0":4,"1":4,"2":0,"3":4,"4":4,"5":4,"6":4},"f":{},"b":{"0":[0,4],"1":[4,4],"2":[4,0]},"meta":{"lastBranch":3,"lastFunction":0,"lastStatement":7,"seen":{"s:5:25:5:Infinity":0,"b:7:0:9:Infinity:undefined:undefined:undefined:undefined":0,"s:7:0:9:Infinity":1,"s:8:1:8:Infinity":2,"s:11:24:11:Infinity":3,"s:14:1:15:Infinity":4,"b:14:1:14:Infinity:15:1:15:Infinity":1,"b:17:0:19:Infinity:undefined:undefined:undefined:undefined":2,"s:17:0:19:Infinity":5,"s:18:1:18:Infinity":6},"fnNames":{}}}
,"/Users/natalie.robinson/projects/team2-project/team2-backend/src/mappers/jobRoleMapper.ts": {"path":"/Users/natalie.robinson/projects/team2-project/team2-backend/src/mappers/jobRoleMapper.ts","statementMap":{"0":{"start":{"line":6,"column":2},"end":{"line":18,"column":null}}},"fnMap":{"0":{"name":"toResponse","decl":{"start":{"line":5,"column":1},"end":{"line":5,"column":12}},"loc":{"start":{"line":5,"column":50},"end":{"line":19,"column":null}},"line":5}},"branchMap":{},"s":{"0":4},"f":{"0":4},"b":{},"meta":{"lastBranch":0,"lastFunction":1,"lastStatement":1,"seen":{"f:5:1:5:12":0,"s:6:2:18:Infinity":0},"fnNames":{}}}
,"/Users/natalie.robinson/projects/team2-project/team2-backend/src/middleware/validateBody.ts": {"path":"/Users/natalie.robinson/projects/team2-project/team2-backend/src/middleware/validateBody.ts","statementMap":{"0":{"start":{"line":4,"column":13},"end":{"line":18,"column":null}},"1":{"start":{"line":5,"column":2},"end":{"line":18,"column":null}},"2":{"start":{"line":7,"column":24},"end":{"line":7,"column":null}},"3":{"start":{"line":9,"column":2},"end":{"line":14,"column":null}},"4":{"start":{"line":11,"column":4},"end":{"line":11,"column":null}},"5":{"start":{"line":12,"column":3},"end":{"line":12,"column":null}},"6":{"start":{"line":13,"column":3},"end":{"line":13,"column":null}},"7":{"start":{"line":16,"column":2},"end":{"line":16,"column":null}},"8":{"start":{"line":17,"column":2},"end":{"line":17,"column":null}}},"fnMap":{"0":{"name":"(anonymous_0)","decl":{"start":{"line":4,"column":13},"end":{"line":4,"column":null}},"loc":{"start":{"line":5,"column":2},"end":{"line":18,"column":null}},"line":5},"1":{"name":"(anonymous_1)","decl":{"start":{"line":5,"column":2},"end":{"line":5,"column":null}},"loc":{"start":{"line":6,"column":27},"end":{"line":18,"column":null}},"line":6}},"branchMap":{"0":{"loc":{"start":{"line":7,"column":41},"end":{"line":7,"column":55}},"type":"binary-expr","locations":[{"start":{"line":7,"column":41},"end":{"line":7,"column":53}},{"start":{"line":7,"column":53},"end":{"line":7,"column":55}}],"line":7},"1":{"loc":{"start":{"line":9,"column":2},"end":{"line":14,"column":null}},"type":"if","locations":[{"start":{"line":9,"column":2},"end":{"line":14,"column":null}},{"start":{},"end":{}}],"line":9},"2":{"loc":{"start":{"line":11,"column":4},"end":{"line":11,"column":null}},"type":"binary-expr","locations":[{"start":{"line":11,"column":4},"end":{"line":11,"column":46}},{"start":{"line":11,"column":46},"end":{"line":11,"column":null}}],"line":11}},"s":{"0":4,"1":8,"2":6,"3":6,"4":3,"5":3,"6":3,"7":3,"8":3},"f":{"0":8,"1":6},"b":{"0":[6,0],"1":[3,3],"2":[3,0]},"meta":{"lastBranch":3,"lastFunction":2,"lastStatement":9,"seen":{"s:4:13:18:Infinity":0,"f:4:13:4:Infinity":0,"s:5:2:18:Infinity":1,"f:5:2:5:Infinity":1,"s:7:24:7:Infinity":2,"b:7:41:7:53:7:53:7:55":0,"b:9:2:14:Infinity:undefined:undefined:undefined:undefined":1,"s:9:2:14:Infinity":3,"s:11:4:11:Infinity":4,"b:11:4:11:46:11:46:11:Infinity":2,"s:12:3:12:Infinity":5,"s:13:3:13:Infinity":6,"s:16:2:16:Infinity":7,"s:17:2:17:Infinity":8},"fnNames":{}}}
,"/Users/natalie.robinson/projects/team2-project/team2-backend/src/middleware/validateParams.ts": {"path":"/Users/natalie.robinson/projects/team2-project/team2-backend/src/middleware/validateParams.ts","statementMap":{"0":{"start":{"line":4,"column":13},"end":{"line":17,"column":null}},"1":{"start":{"line":5,"column":2},"end":{"line":17,"column":null}},"2":{"start":{"line":7,"column":24},"end":{"line":7,"column":null}},"3":{"start":{"line":9,"column":2},"end":{"line":14,"column":null}},"4":{"start":{"line":11,"column":4},"end":{"line":11,"column":null}},"5":{"start":{"line":12,"column":3},"end":{"line":12,"column":null}},"6":{"start":{"line":13,"column":3},"end":{"line":13,"column":null}},"7":{"start":{"line":16,"column":2},"end":{"line":16,"column":null}}},"fnMap":{"0":{"name":"(anonymous_0)","decl":{"start":{"line":4,"column":13},"end":{"line":4,"column":null}},"loc":{"start":{"line":5,"column":2},"end":{"line":17,"column":null}},"line":5},"1":{"name":"(anonymous_1)","decl":{"start":{"line":5,"column":2},"end":{"line":5,"column":null}},"loc":{"start":{"line":6,"column":27},"end":{"line":17,"column":null}},"line":6}},"branchMap":{"0":{"loc":{"start":{"line":7,"column":41},"end":{"line":7,"column":57}},"type":"binary-expr","locations":[{"start":{"line":7,"column":41},"end":{"line":7,"column":55}},{"start":{"line":7,"column":55},"end":{"line":7,"column":57}}],"line":7},"1":{"loc":{"start":{"line":9,"column":2},"end":{"line":14,"column":null}},"type":"if","locations":[{"start":{"line":9,"column":2},"end":{"line":14,"column":null}},{"start":{},"end":{}}],"line":9},"2":{"loc":{"start":{"line":11,"column":4},"end":{"line":11,"column":null}},"type":"binary-expr","locations":[{"start":{"line":11,"column":4},"end":{"line":11,"column":46}},{"start":{"line":11,"column":46},"end":{"line":11,"column":null}}],"line":11}},"s":{"0":5,"1":9,"2":9,"3":9,"4":3,"5":3,"6":3,"7":6},"f":{"0":9,"1":9},"b":{"0":[9,1],"1":[3,6],"2":[3,0]},"meta":{"lastBranch":3,"lastFunction":2,"lastStatement":8,"seen":{"s:4:13:17:Infinity":0,"f:4:13:4:Infinity":0,"s:5:2:17:Infinity":1,"f:5:2:5:Infinity":1,"s:7:24:7:Infinity":2,"b:7:41:7:55:7:55:7:57":0,"b:9:2:14:Infinity:undefined:undefined:undefined:undefined":1,"s:9:2:14:Infinity":3,"s:11:4:11:Infinity":4,"b:11:4:11:46:11:46:11:Infinity":2,"s:12:3:12:Infinity":5,"s:13:3:13:Infinity":6,"s:16:2:16:Infinity":7},"fnNames":{}}}
,"/Users/natalie.robinson/projects/team2-project/team2-backend/src/models/user.ts": {"path":"/Users/natalie.robinson/projects/team2-project/team2-backend/src/models/user.ts","statementMap":{"0":{"start":{"line":1,"column":7},"end":{"line":3,"column":null}},"1":{"start":{"line":2,"column":1},"end":{"line":2,"column":null}}},"fnMap":{"0":{"name":"(anonymous_0)","decl":{"start":{"line":1,"column":7},"end":{"line":1,"column":12}},"loc":{"start":{"line":1,"column":7},"end":{"line":3,"column":null}},"line":1}},"branchMap":{},"s":{"0":4,"1":4},"f":{"0":4},"b":{},"meta":{"lastBranch":0,"lastFunction":1,"lastStatement":2,"seen":{"s:1:7:3:Infinity":0,"f:1:7:1:12":0,"s:2:1:2:Infinity":1},"fnNames":{}}}
,"/Users/natalie.robinson/projects/team2-project/team2-backend/src/routes/jobRoleRouter.ts": {"path":"/Users/natalie.robinson/projects/team2-project/team2-backend/src/routes/jobRoleRouter.ts","statementMap":{"0":{"start":{"line":8,"column":6},"end":{"line":8,"column":null}},"1":{"start":{"line":9,"column":23},"end":{"line":12,"column":null}},"2":{"start":{"line":13,"column":26},"end":{"line":13,"column":null}},"3":{"start":{"line":15,"column":0},"end":{"line":17,"column":null}},"4":{"start":{"line":16,"column":1},"end":{"line":16,"column":null}},"5":{"start":{"line":22,"column":0},"end":{"line":26,"column":null}},"6":{"start":{"line":25,"column":34},"end":{"line":25,"column":null}}},"fnMap":{"0":{"name":"(anonymous_0)","decl":{"start":{"line":15,"column":18},"end":{"line":15,"column":24}},"loc":{"start":{"line":16,"column":1},"end":{"line":16,"column":null}},"line":16},"1":{"name":"(anonymous_1)","decl":{"start":{"line":24,"column":29},"end":{"line":24,"column":null}},"loc":{"start":{"line":25,"column":34},"end":{"line":25,"column":null}},"line":25}},"branchMap":{},"s":{"0":4,"1":4,"2":4,"3":4,"4":3,"5":4,"6":4},"f":{"0":3,"1":4},"b":{},"meta":{"lastBranch":0,"lastFunction":2,"lastStatement":7,"seen":{"s:8:6:8:Infinity":0,"s:9:23:12:Infinity":1,"s:13:26:13:Infinity":2,"s:15:0:17:Infinity":3,"f:15:18:15:24":0,"s:16:1:16:Infinity":4,"s:22:0:26:Infinity":5,"f:24:29:24:Infinity":1,"s:25:34:25:Infinity":6},"fnNames":{}}}
,"/Users/natalie.robinson/projects/team2-project/team2-backend/src/routes/loginRouter.ts": {"path":"/Users/natalie.robinson/projects/team2-project/team2-backend/src/routes/loginRouter.ts","statementMap":{"0":{"start":{"line":10,"column":6},"end":{"line":10,"column":null}},"1":{"start":{"line":11,"column":16},"end":{"line":11,"column":null}},"2":{"start":{"line":12,"column":23},"end":{"line":12,"column":null}},"3":{"start":{"line":13,"column":21},"end":{"line":13,"column":null}},"4":{"start":{"line":14,"column":21},"end":{"line":14,"column":null}},"5":{"start":{"line":15,"column":24},"end":{"line":15,"column":null}},"6":{"start":{"line":17,"column":0},"end":{"line":19,"column":null}},"7":{"start":{"line":18,"column":1},"end":{"line":18,"column":null}}},"fnMap":{"0":{"name":"(anonymous_0)","decl":{"start":{"line":17,"column":58},"end":{"line":17,"column":62}},"loc":{"start":{"line":18,"column":1},"end":{"line":18,"column":null}},"line":18}},"branchMap":{},"s":{"0":3,"1":3,"2":3,"3":3,"4":3,"5":3,"6":3,"7":0},"f":{"0":0},"b":{},"meta":{"lastBranch":0,"lastFunction":1,"lastStatement":8,"seen":{"s:10:6:10:Infinity":0,"s:11:16:11:Infinity":1,"s:12:23:12:Infinity":2,"s:13:21:13:Infinity":3,"s:14:21:14:Infinity":4,"s:15:24:15:Infinity":5,"s:17:0:19:Infinity":6,"f:17:58:17:62":0,"s:18:1:18:Infinity":7},"fnNames":{}}}
,"/Users/natalie.robinson/projects/team2-project/team2-backend/src/routes/register.ts": {"path":"/Users/natalie.robinson/projects/team2-project/team2-backend/src/routes/register.ts","statementMap":{"0":{"start":{"line":9,"column":6},"end":{"line":9,"column":null}},"1":{"start":{"line":11,"column":16},"end":{"line":11,"column":null}},"2":{"start":{"line":12,"column":23},"end":{"line":12,"column":null}},"3":{"start":{"line":13,"column":28},"end":{"line":13,"column":null}},"4":{"start":{"line":14,"column":31},"end":{"line":14,"column":null}},"5":{"start":{"line":16,"column":0},"end":{"line":20,"column":null}}},"fnMap":{},"branchMap":{},"s":{"0":3,"1":3,"2":3,"3":3,"4":3,"5":3},"f":{},"b":{},"meta":{"lastBranch":0,"lastFunction":0,"lastStatement":6,"seen":{"s:9:6:9:Infinity":0,"s:11:16:11:Infinity":1,"s:12:23:12:Infinity":2,"s:13:28:13:Infinity":3,"s:14:31:14:Infinity":4,"s:16:0:20:Infinity":5},"fnNames":{}}}
,"/Users/natalie.robinson/projects/team2-project/team2-backend/src/services/argon2PasswordHashingService.ts": {"path":"/Users/natalie.robinson/projects/team2-project/team2-backend/src/services/argon2PasswordHashingService.ts","statementMap":{"0":{"start":{"line":6,"column":15},"end":{"line":6,"column":null}},"1":{"start":{"line":7,"column":2},"end":{"line":7,"column":null}},"2":{"start":{"line":11,"column":2},"end":{"line":11,"column":null}}},"fnMap":{"0":{"name":"hash","decl":{"start":{"line":5,"column":7},"end":{"line":5,"column":12}},"loc":{"start":{"line":5,"column":47},"end":{"line":8,"column":null}},"line":5},"1":{"name":"compare","decl":{"start":{"line":10,"column":7},"end":{"line":10,"column":15}},"loc":{"start":{"line":10,"column":75},"end":{"line":12,"column":null}},"line":10}},"branchMap":{},"s":{"0":2,"1":1,"2":3},"f":{"0":2,"1":3},"b":{},"meta":{"lastBranch":0,"lastFunction":2,"lastStatement":3,"seen":{"f:5:7:5:12":0,"s:6:15:6:Infinity":0,"s:7:2:7:Infinity":1,"f:10:7:10:15":1,"s:11:2:11:Infinity":2},"fnNames":{}}}
,"/Users/natalie.robinson/projects/team2-project/team2-backend/src/services/jobRoleService.ts": {"path":"/Users/natalie.robinson/projects/team2-project/team2-backend/src/services/jobRoleService.ts","statementMap":{"0":{"start":{"line":7,"column":19},"end":{"line":7,"column":null}},"1":{"start":{"line":8,"column":19},"end":{"line":8,"column":null}},"2":{"start":{"line":12,"column":19},"end":{"line":12,"column":null}},"3":{"start":{"line":14,"column":2},"end":{"line":14,"column":null}},"4":{"start":{"line":14,"column":35},"end":{"line":14,"column":73}},"5":{"start":{"line":18,"column":18},"end":{"line":18,"column":null}},"6":{"start":{"line":20,"column":2},"end":{"line":22,"column":null}},"7":{"start":{"line":21,"column":3},"end":{"line":21,"column":null}},"8":{"start":{"line":24,"column":2},"end":{"line":24,"column":null}}},"fnMap":{"0":{"name":"constructor","decl":{"start":{"line":6,"column":1},"end":{"line":6,"column":null}},"loc":{"start":{"line":9,"column":3},"end":{"line":9,"column":null}},"line":9},"1":{"name":"findAllOpen","decl":{"start":{"line":11,"column":7},"end":{"line":11,"column":52}},"loc":{"start":{"line":11,"column":52},"end":{"line":15,"column":null}},"line":11},"2":{"name":"(anonymous_2)","decl":{"start":{"line":14,"column":18},"end":{"line":14,"column":23}},"loc":{"start":{"line":14,"column":35},"end":{"line":14,"column":73}},"line":14},"3":{"name":"findById","decl":{"start":{"line":17,"column":7},"end":{"line":17,"column":16}},"loc":{"start":{"line":17,"column":71},"end":{"line":25,"column":null}},"line":17}},"branchMap":{"0":{"loc":{"start":{"line":20,"column":2},"end":{"line":22,"column":null}},"type":"if","locations":[{"start":{"line":20,"column":2},"end":{"line":22,"column":null}},{"start":{},"end":{}}],"line":20}},"s":{"0":8,"1":8,"2":2,"3":1,"4":2,"5":3,"6":2,"7":1,"8":1},"f":{"0":8,"1":2,"2":2,"3":3},"b":{"0":[1,1]},"meta":{"lastBranch":1,"lastFunction":4,"lastStatement":9,"seen":{"f:6:1:6:Infinity":0,"s:7:19:7:Infinity":0,"s:8:19:8:Infinity":1,"f:11:7:11:52":1,"s:12:19:12:Infinity":2,"s:14:2:14:Infinity":3,"f:14:18:14:23":2,"s:14:35:14:73":4,"f:17:7:17:16":3,"s:18:18:18:Infinity":5,"b:20:2:22:Infinity:undefined:undefined:undefined:undefined":0,"s:20:2:22:Infinity":6,"s:21:3:21:Infinity":7,"s:24:2:24:Infinity":8},"fnNames":{}}}
,"/Users/natalie.robinson/projects/team2-project/team2-backend/src/services/joseTokenService.ts": {"path":"/Users/natalie.robinson/projects/team2-project/team2-backend/src/services/joseTokenService.ts","statementMap":{"0":{"start":{"line":9,"column":20},"end":{"line":9,"column":null}},"1":{"start":{"line":10,"column":2},"end":{"line":14,"column":null}},"2":{"start":{"line":11,"column":3},"end":{"line":13,"column":null}},"3":{"start":{"line":16,"column":2},"end":{"line":16,"column":null}},"4":{"start":{"line":20,"column":18},"end":{"line":25,"column":null}},"5":{"start":{"line":27,"column":16},"end":{"line":30,"column":null}},"6":{"start":{"line":32,"column":2},"end":{"line":32,"column":null}}},"fnMap":{"0":{"name":"constructor","decl":{"start":{"line":8,"column":1},"end":{"line":8,"column":15}},"loc":{"start":{"line":8,"column":15},"end":{"line":17,"column":null}},"line":8},"1":{"name":"create","decl":{"start":{"line":19,"column":7},"end":{"line":19,"column":14}},"loc":{"start":{"line":19,"column":43},"end":{"line":33,"column":null}},"line":19}},"branchMap":{"0":{"loc":{"start":{"line":10,"column":2},"end":{"line":14,"column":null}},"type":"if","locations":[{"start":{"line":10,"column":2},"end":{"line":14,"column":null}},{"start":{},"end":{}}],"line":10}},"s":{"0":8,"1":8,"2":1,"3":7,"4":4,"5":4,"6":4},"f":{"0":8,"1":4},"b":{"0":[1,7]},"meta":{"lastBranch":1,"lastFunction":2,"lastStatement":7,"seen":{"f:8:1:8:15":0,"s:9:20:9:Infinity":0,"b:10:2:14:Infinity:undefined:undefined:undefined:undefined":0,"s:10:2:14:Infinity":1,"s:11:3:13:Infinity":2,"s:16:2:16:Infinity":3,"f:19:7:19:14":1,"s:20:18:25:Infinity":4,"s:27:16:30:Infinity":5,"s:32:2:32:Infinity":6},"fnNames":{}}}
,"/Users/natalie.robinson/projects/team2-project/team2-backend/src/services/loginService.ts": {"path":"/Users/natalie.robinson/projects/team2-project/team2-backend/src/services/loginService.ts","statementMap":{"0":{"start":{"line":13,"column":19},"end":{"line":13,"column":null}},"1":{"start":{"line":14,"column":19},"end":{"line":14,"column":null}},"2":{"start":{"line":15,"column":19},"end":{"line":15,"column":null}},"3":{"start":{"line":19,"column":26},"end":{"line":19,"column":null}},"4":{"start":{"line":20,"column":15},"end":{"line":20,"column":null}},"5":{"start":{"line":21,"column":2},"end":{"line":23,"column":null}},"6":{"start":{"line":22,"column":3},"end":{"line":22,"column":null}},"7":{"start":{"line":25,"column":26},"end":{"line":28,"column":null}},"8":{"start":{"line":29,"column":2},"end":{"line":31,"column":null}},"9":{"start":{"line":30,"column":3},"end":{"line":30,"column":null}},"10":{"start":{"line":33,"column":16},"end":{"line":33,"column":null}},"11":{"start":{"line":34,"column":2},"end":{"line":34,"column":null}}},"fnMap":{"0":{"name":"constructor","decl":{"start":{"line":12,"column":1},"end":{"line":12,"column":null}},"loc":{"start":{"line":16,"column":3},"end":{"line":16,"column":null}},"line":16},"1":{"name":"login","decl":{"start":{"line":18,"column":7},"end":{"line":18,"column":13}},"loc":{"start":{"line":18,"column":71},"end":{"line":35,"column":null}},"line":18}},"branchMap":{"0":{"loc":{"start":{"line":21,"column":2},"end":{"line":23,"column":null}},"type":"if","locations":[{"start":{"line":21,"column":2},"end":{"line":23,"column":null}},{"start":{},"end":{}}],"line":21},"1":{"loc":{"start":{"line":29,"column":2},"end":{"line":31,"column":null}},"type":"if","locations":[{"start":{"line":29,"column":2},"end":{"line":31,"column":null}},{"start":{},"end":{}}],"line":29}},"s":{"0":7,"1":7,"2":7,"3":4,"4":4,"5":4,"6":1,"7":3,"8":3,"9":1,"10":2,"11":2},"f":{"0":7,"1":4},"b":{"0":[1,3],"1":[1,2]},"meta":{"lastBranch":2,"lastFunction":2,"lastStatement":12,"seen":{"f:12:1:12:Infinity":0,"s:13:19:13:Infinity":0,"s:14:19:14:Infinity":1,"s:15:19:15:Infinity":2,"f:18:7:18:13":1,"s:19:26:19:Infinity":3,"s:20:15:20:Infinity":4,"b:21:2:23:Infinity:undefined:undefined:undefined:undefined":0,"s:21:2:23:Infinity":5,"s:22:3:22:Infinity":6,"s:25:26:28:Infinity":7,"b:29:2:31:Infinity:undefined:undefined:undefined:undefined":1,"s:29:2:31:Infinity":8,"s:30:3:30:Infinity":9,"s:33:16:33:Infinity":10,"s:34:2:34:Infinity":11},"fnNames":{}}}
,"/Users/natalie.robinson/projects/team2-project/team2-backend/src/services/registerUserService.ts": {"path":"/Users/natalie.robinson/projects/team2-project/team2-backend/src/services/registerUserService.ts","statementMap":{"0":{"start":{"line":9,"column":19},"end":{"line":9,"column":null}},"1":{"start":{"line":10,"column":19},"end":{"line":10,"column":null}},"2":{"start":{"line":14,"column":21},"end":{"line":14,"column":null}},"3":{"start":{"line":15,"column":2},"end":{"line":17,"column":null}},"4":{"start":{"line":16,"column":3},"end":{"line":16,"column":null}},"5":{"start":{"line":19,"column":23},"end":{"line":19,"column":null}},"6":{"start":{"line":21,"column":2},"end":{"line":26,"column":null}}},"fnMap":{"0":{"name":"constructor","decl":{"start":{"line":8,"column":1},"end":{"line":8,"column":null}},"loc":{"start":{"line":11,"column":3},"end":{"line":11,"column":null}},"line":11},"1":{"name":"registerUser","decl":{"start":{"line":13,"column":7},"end":{"line":13,"column":20}},"loc":{"start":{"line":13,"column":59},"end":{"line":27,"column":null}},"line":13}},"branchMap":{"0":{"loc":{"start":{"line":15,"column":2},"end":{"line":17,"column":null}},"type":"if","locations":[{"start":{"line":15,"column":2},"end":{"line":17,"column":null}},{"start":{},"end":{}}],"line":15}},"s":{"0":5,"1":5,"2":2,"3":2,"4":1,"5":1,"6":1},"f":{"0":5,"1":2},"b":{"0":[1,1]},"meta":{"lastBranch":1,"lastFunction":2,"lastStatement":7,"seen":{"f:8:1:8:Infinity":0,"s:9:19:9:Infinity":0,"s:10:19:10:Infinity":1,"f:13:7:13:20":1,"s:14:21:14:Infinity":2,"b:15:2:17:Infinity:undefined:undefined:undefined:undefined":0,"s:15:2:17:Infinity":3,"s:16:3:16:Infinity":4,"s:19:23:19:Infinity":5,"s:21:2:26:Infinity":6},"fnNames":{}}}
,"/Users/natalie.robinson/projects/team2-project/team2-backend/src/validators/idParamSchema.ts": {"path":"/Users/natalie.robinson/projects/team2-project/team2-backend/src/validators/idParamSchema.ts","statementMap":{"0":{"start":{"line":3,"column":22},"end":{"line":5,"column":null}}},"fnMap":{},"branchMap":{},"s":{"0":4},"f":{},"b":{},"meta":{"lastBranch":0,"lastFunction":0,"lastStatement":1,"seen":{"s:3:22:5:Infinity":0},"fnNames":{}}}
,"/Users/natalie.robinson/projects/team2-project/team2-backend/src/validators/loginUserValidator.ts": {"path":"/Users/natalie.robinson/projects/team2-project/team2-backend/src/validators/loginUserValidator.ts","statementMap":{"0":{"start":{"line":3,"column":27},"end":{"line":6,"column":null}}},"fnMap":{},"branchMap":{},"s":{"0":3},"f":{},"b":{},"meta":{"lastBranch":0,"lastFunction":0,"lastStatement":1,"seen":{"s:3:27:6:Infinity":0},"fnNames":{}}}
,"/Users/natalie.robinson/projects/team2-project/team2-backend/src/validators/registerUserValidator.ts": {"path":"/Users/natalie.robinson/projects/team2-project/team2-backend/src/validators/registerUserValidator.ts","statementMap":{"0":{"start":{"line":3,"column":30},"end":{"line":3,"column":null}},"1":{"start":{"line":5,"column":34},"end":{"line":14,"column":null}}},"fnMap":{},"branchMap":{},"s":{"0":3,"1":3},"f":{},"b":{},"meta":{"lastBranch":0,"lastFunction":0,"lastStatement":2,"seen":{"s:3:30:3:Infinity":0,"s:5:34:14:Infinity":1},"fnNames":{}}}
,"/Users/natalie.robinson/projects/team2-project/team2-backend/tests/fixtures/jobRoleFixtures.ts": {"path":"/Users/natalie.robinson/projects/team2-project/team2-backend/tests/fixtures/jobRoleFixtures.ts","statementMap":{"0":{"start":{"line":3,"column":13},"end":{"line":20,"column":null}},"1":{"start":{"line":3,"column":75},"end":{"line":20,"column":null}}},"fnMap":{"0":{"name":"(anonymous_0)","decl":{"start":{"line":3,"column":13},"end":{"line":3,"column":28}},"loc":{"start":{"line":3,"column":75},"end":{"line":20,"column":null}},"line":3}},"branchMap":{"0":{"loc":{"start":{"line":3,"column":28},"end":{"line":3,"column":75}},"type":"default-arg","locations":[{"start":{"line":3,"column":58},"end":{"line":3,"column":75}}],"line":3}},"s":{"0":4,"1":10},"f":{"0":10},"b":{"0":[10]},"meta":{"lastBranch":1,"lastFunction":1,"lastStatement":2,"seen":{"s:3:13:20:Infinity":0,"f:3:13:3:28":0,"s:3:75:20:Infinity":1,"b:3:58:3:75":0},"fnNames":{}}}
}
